2018-06-13T06:58:37+00:00 DEBUG 
====Stripe Version: 4.1.7====
====Start Log====
Keys are not set correctly.
====End Log====


2018-06-13T07:44:24+00:00 DEBUG 
====Stripe Version: 4.1.7====
====Start Log====
Keys are not set correctly.
====End Log====


2018-06-13T07:44:49+00:00 DEBUG 
====Stripe Version: 4.1.7====
====Start Log====
Keys are not set correctly.
====End Log====


2018-06-13T07:46:26+00:00 DEBUG 
====Stripe Version: 4.1.7====
====Start Log====
Keys are not set correctly.
====End Log====


